<?xml version="1.0" encoding="UTF-8"?>
<!-- Generated by org.testng.reporters.JUnitXMLReporter -->
<testsuite ignored="0" hostname="LAPTOP-TPPN1LP7" failures="1" tests="1" name="Default test(failed)" time="0.061" errors="0" timestamp="2023-10-05T20:22:18 IST">
  <testcase classname="rahulsettyacademy.tests.StandAloneOrderTest" name="SubmitOrder" time="0.013">
    <failure type="java.io.FileNotFoundException" message="D:\JavaQA\SeleniumFrameworkDesignD:\JavaQA\SeleniumFrameworkDesign\src\main\java\rahulsettyacademy\resources\GlobalData.properties (The filename, directory name, or volume label syntax is incorrect)">
      <![CDATA[java.io.FileNotFoundException: D:\JavaQA\SeleniumFrameworkDesignD:\JavaQA\SeleniumFrameworkDesign\src\main\java\rahulsettyacademy\resources\GlobalData.properties (The filename, directory name, or volume label syntax is incorrect)
at java.base/java.io.FileInputStream.open0(Native Method)
at java.base/java.io.FileInputStream.open(FileInputStream.java:216)
at java.base/java.io.FileInputStream.<init>(FileInputStream.java:157)
at java.base/java.io.FileInputStream.<init>(FileInputStream.java:111)
at Rahulshettyacademy.TestComponents.BaseTest.InitializeDriver(BaseTest.java:19)
at Rahulshettyacademy.TestComponents.BaseTest.LunchApplication(BaseTest.java:36)
at rahulsettyacademy.tests.StandAloneOrderTest.SubmitOrder(StandAloneOrderTest.java:32)
at java.base/java.util.ArrayList.forEach(ArrayList.java:1511)
... Removed 27 stack frames]]>
    </failure>
  </testcase> <!-- SubmitOrder -->
</testsuite> <!-- Default test(failed) -->
