<?xml version="1.0" encoding="UTF-8"?>
<!-- Generated by org.testng.reporters.JUnitXMLReporter -->
<testsuite ignored="0" hostname="LAPTOP-TPPN1LP7" failures="0" tests="2" name="Error Validations Test" time="20.704" errors="0" timestamp="2023-10-13T11:04:24 IST">
  <testcase classname="rahulsettyacademy.tests.ErrorValidationsTest" name="LoginErrorValidation" time="0.667"/>
  <testcase classname="rahulsettyacademy.tests.ErrorValidationsTest" name="ProductErrorValidation" time="13.567"/>
</testsuite> <!-- Error Validations Test -->
