<?xml version="1.0" encoding="UTF-8"?>
<!-- Generated by org.testng.reporters.JUnitXMLReporter -->
<testsuite ignored="0" hostname="LAPTOP-TPPN1LP7" failures="0" tests="3" name="Submit Order Test" time="36.925" errors="0" timestamp="2023-10-13T11:04:40 IST">
  <testcase classname="rahulsettyacademy.tests.StandAloneOrderTest" name="SubmitOrder" time="14.876"/>
  <testcase classname="rahulsettyacademy.tests.StandAloneOrderTest" name="SubmitOrder" time="14.502"/>
  <testcase classname="rahulsettyacademy.tests.StandAloneOrderTest" name="OrderHistoryTest" time="0.669"/>
</testsuite> <!-- Submit Order Test -->
