<?xml version="1.0" encoding="UTF-8"?>
<!-- Generated by org.testng.reporters.JUnitXMLReporter -->
<testsuite ignored="1" hostname="LAPTOP-TPPN1LP7" failures="0" tests="1" name="Error Validations Test" time="9.802" errors="0" timestamp="2024-03-13T15:59:36 IST">
  <testcase classname="rahulsettyacademy.tests.ErrorValidationsTest" name="LoginErrorValidation" time="1.193"/>
  <testcase classname="rahulsettyacademy.tests.ErrorValidationsTest" name="ProductErrorValidation" time="0.0">
    <ignored/>
  </testcase> <!-- ProductErrorValidation -->
</testsuite> <!-- Error Validations Test -->
