<?xml version="1.0" encoding="UTF-8"?>
<!-- Generated by org.testng.reporters.JUnitXMLReporter -->
<testsuite ignored="2" hostname="LAPTOP-TPPN1LP7" failures="0" tests="0" time="0.017" errors="0" timestamp="2024-03-13T15:59:26 IST">
  <testcase classname="rahulsettyacademy.tests.StandAloneOrderTest" name="OrderHistoryTest" time="0.0">
    <ignored/>
  </testcase> <!-- OrderHistoryTest -->
  <testcase classname="rahulsettyacademy.tests.StandAloneOrderTest" name="SubmitOrder" time="0.0">
    <ignored/>
  </testcase> <!-- SubmitOrder -->
</testsuite>
