<?xml version="1.0" encoding="UTF-8"?>
<testng-results ignored="0" total="1" passed="1" failed="0" skipped="0">
  <reporter-output>
  </reporter-output>
  <suite started-at="2024-03-13T15:59:26 IST" name="Suite" finished-at="2024-03-13T15:59:36 IST" duration-ms="9802">
    <groups>
      <group name="ErrorHandling">
        <method signature="ErrorValidationsTest.LoginErrorValidation()[pri:0, instance:rahulsettyacademy.tests.ErrorValidationsTest@33d512c1]" name="LoginErrorValidation" class="rahulsettyacademy.tests.ErrorValidationsTest"/>
      </group> <!-- ErrorHandling -->
    </groups>
    <test started-at="2024-03-13T15:59:26 IST" name="Submit Order Test" finished-at="2024-03-13T15:59:26 IST" duration-ms="17">
    </test> <!-- Submit Order Test -->
    <test started-at="2024-03-13T15:59:26 IST" name="Error Validations Test" finished-at="2024-03-13T15:59:36 IST" duration-ms="9802">
      <class name="rahulsettyacademy.tests.ErrorValidationsTest">
        <test-method is-config="true" signature="LunchApplication()[pri:0, instance:rahulsettyacademy.tests.ErrorValidationsTest@33d512c1]" started-at="2024-03-13T15:59:26 IST" name="LunchApplication" finished-at="2024-03-13T15:59:34 IST" duration-ms="8432" status="PASS">
          <reporter-output>
          </reporter-output>
        </test-method> <!-- LunchApplication -->
        <test-method signature="LoginErrorValidation()[pri:0, instance:rahulsettyacademy.tests.ErrorValidationsTest@33d512c1]" started-at="2024-03-13T15:59:34 IST" name="LoginErrorValidation" finished-at="2024-03-13T15:59:35 IST" duration-ms="1193" status="PASS">
          <reporter-output>
          </reporter-output>
        </test-method> <!-- LoginErrorValidation -->
        <test-method is-config="true" signature="TearDown()[pri:0, instance:rahulsettyacademy.tests.ErrorValidationsTest@33d512c1]" started-at="2024-03-13T15:59:35 IST" name="TearDown" finished-at="2024-03-13T15:59:36 IST" duration-ms="114" status="PASS">
          <reporter-output>
          </reporter-output>
        </test-method> <!-- TearDown -->
      </class> <!-- rahulsettyacademy.tests.ErrorValidationsTest -->
    </test> <!-- Error Validations Test -->
  </suite> <!-- Suite -->
</testng-results>
