<?xml version="1.0" encoding="UTF-8"?>
<testng-results ignored="0" total="5" passed="5" failed="0" skipped="0">
  <reporter-output>
  </reporter-output>
  <suite started-at="2023-10-13T11:04:03 IST" name="Suite" finished-at="2023-10-13T11:04:40 IST" duration-ms="36925">
    <groups>
      <group name="ErrorHandling">
        <method signature="ErrorValidationsTest.LoginErrorValidation()[pri:0, instance:rahulsettyacademy.tests.ErrorValidationsTest@6b0d80ed]" name="LoginErrorValidation" class="rahulsettyacademy.tests.ErrorValidationsTest"/>
      </group> <!-- ErrorHandling -->
      <group name="Purchase">
        <method signature="StandAloneOrderTest.SubmitOrder(java.util.HashMap)[pri:0, instance:rahulsettyacademy.tests.StandAloneOrderTest@7098b907]" name="SubmitOrder" class="rahulsettyacademy.tests.StandAloneOrderTest"/>
      </group> <!-- Purchase -->
    </groups>
    <test started-at="2023-10-13T11:04:03 IST" name="Error Validations Test" finished-at="2023-10-13T11:04:24 IST" duration-ms="20704">
      <class name="rahulsettyacademy.tests.ErrorValidationsTest">
        <test-method is-config="true" signature="LunchApplication()[pri:0, instance:rahulsettyacademy.tests.ErrorValidationsTest@6b0d80ed]" started-at="2023-10-13T11:04:03 IST" name="LunchApplication" finished-at="2023-10-13T11:04:06 IST" duration-ms="3458" status="PASS">
          <reporter-output>
          </reporter-output>
        </test-method> <!-- LunchApplication -->
        <test-method signature="LoginErrorValidation()[pri:0, instance:rahulsettyacademy.tests.ErrorValidationsTest@6b0d80ed]" started-at="2023-10-13T11:04:06 IST" name="LoginErrorValidation" finished-at="2023-10-13T11:04:07 IST" duration-ms="667" status="PASS">
          <reporter-output>
          </reporter-output>
        </test-method> <!-- LoginErrorValidation -->
        <test-method is-config="true" signature="TearDown()[pri:0, instance:rahulsettyacademy.tests.ErrorValidationsTest@6b0d80ed]" started-at="2023-10-13T11:04:07 IST" name="TearDown" finished-at="2023-10-13T11:04:07 IST" duration-ms="173" status="PASS">
          <reporter-output>
          </reporter-output>
        </test-method> <!-- TearDown -->
        <test-method is-config="true" signature="LunchApplication()[pri:0, instance:rahulsettyacademy.tests.ErrorValidationsTest@6b0d80ed]" started-at="2023-10-13T11:04:07 IST" name="LunchApplication" finished-at="2023-10-13T11:04:10 IST" duration-ms="2643" status="PASS">
          <reporter-output>
          </reporter-output>
        </test-method> <!-- LunchApplication -->
        <test-method signature="ProductErrorValidation()[pri:0, instance:rahulsettyacademy.tests.ErrorValidationsTest@6b0d80ed]" started-at="2023-10-13T11:04:10 IST" name="ProductErrorValidation" finished-at="2023-10-13T11:04:24 IST" duration-ms="13567" status="PASS">
          <reporter-output>
          </reporter-output>
        </test-method> <!-- ProductErrorValidation -->
        <test-method is-config="true" signature="TearDown()[pri:0, instance:rahulsettyacademy.tests.ErrorValidationsTest@6b0d80ed]" started-at="2023-10-13T11:04:24 IST" name="TearDown" finished-at="2023-10-13T11:04:24 IST" duration-ms="136" status="PASS">
          <reporter-output>
          </reporter-output>
        </test-method> <!-- TearDown -->
      </class> <!-- rahulsettyacademy.tests.ErrorValidationsTest -->
    </test> <!-- Error Validations Test -->
    <test started-at="2023-10-13T11:04:03 IST" name="Submit Order Test" finished-at="2023-10-13T11:04:40 IST" duration-ms="36925">
      <class name="rahulsettyacademy.tests.StandAloneOrderTest">
        <test-method is-config="true" signature="LunchApplication()[pri:0, instance:rahulsettyacademy.tests.StandAloneOrderTest@7098b907]" started-at="2023-10-13T11:04:03 IST" name="LunchApplication" finished-at="2023-10-13T11:04:06 IST" duration-ms="3176" status="PASS">
          <reporter-output>
          </reporter-output>
        </test-method> <!-- LunchApplication -->
        <test-method signature="SubmitOrder(java.util.HashMap)[pri:0, instance:rahulsettyacademy.tests.StandAloneOrderTest@7098b907]" started-at="2023-10-13T11:04:06 IST" name="SubmitOrder" data-provider="GetData" finished-at="2023-10-13T11:04:21 IST" duration-ms="14876" status="PASS">
          <params>
            <param index="0">
              <value>
                <![CDATA[{password=Punam@1234, product=ADIDAS ORIGINAL, email=sarojkumar@gmail.com}]]>
              </value>
            </param>
          </params>
          <reporter-output>
          </reporter-output>
        </test-method> <!-- SubmitOrder -->
        <test-method is-config="true" signature="TearDown()[pri:0, instance:rahulsettyacademy.tests.StandAloneOrderTest@7098b907]" started-at="2023-10-13T11:04:21 IST" name="TearDown" finished-at="2023-10-13T11:04:21 IST" duration-ms="109" status="PASS">
          <reporter-output>
          </reporter-output>
        </test-method> <!-- TearDown -->
        <test-method is-config="true" signature="LunchApplication()[pri:0, instance:rahulsettyacademy.tests.StandAloneOrderTest@7098b907]" started-at="2023-10-13T11:04:21 IST" name="LunchApplication" finished-at="2023-10-13T11:04:23 IST" duration-ms="1594" status="PASS">
          <reporter-output>
          </reporter-output>
        </test-method> <!-- LunchApplication -->
        <test-method signature="SubmitOrder(java.util.HashMap)[pri:0, instance:rahulsettyacademy.tests.StandAloneOrderTest@7098b907]" started-at="2023-10-13T11:04:23 IST" name="SubmitOrder" data-provider="GetData" finished-at="2023-10-13T11:04:37 IST" duration-ms="14502" status="PASS">
          <params>
            <param index="0">
              <value>
                <![CDATA[{password=Punam@1234, product=ADIDAS ORIGINAL, email=sarojkumar@gmail.com}]]>
              </value>
            </param>
          </params>
          <reporter-output>
          </reporter-output>
        </test-method> <!-- SubmitOrder -->
        <test-method is-config="true" signature="TearDown()[pri:0, instance:rahulsettyacademy.tests.StandAloneOrderTest@7098b907]" started-at="2023-10-13T11:04:37 IST" name="TearDown" finished-at="2023-10-13T11:04:38 IST" duration-ms="116" status="PASS">
          <reporter-output>
          </reporter-output>
        </test-method> <!-- TearDown -->
        <test-method is-config="true" signature="LunchApplication()[pri:0, instance:rahulsettyacademy.tests.StandAloneOrderTest@7098b907]" started-at="2023-10-13T11:04:38 IST" name="LunchApplication" finished-at="2023-10-13T11:04:39 IST" duration-ms="1529" status="PASS">
          <reporter-output>
          </reporter-output>
        </test-method> <!-- LunchApplication -->
        <test-method signature="OrderHistoryTest()[pri:0, instance:rahulsettyacademy.tests.StandAloneOrderTest@7098b907]" started-at="2023-10-13T11:04:39 IST" name="OrderHistoryTest" finished-at="2023-10-13T11:04:40 IST" depends-on-methods="rahulsettyacademy.tests.StandAloneOrderTest.SubmitOrder" duration-ms="669" status="PASS">
          <reporter-output>
          </reporter-output>
        </test-method> <!-- OrderHistoryTest -->
        <test-method is-config="true" signature="TearDown()[pri:0, instance:rahulsettyacademy.tests.StandAloneOrderTest@7098b907]" started-at="2023-10-13T11:04:40 IST" name="TearDown" finished-at="2023-10-13T11:04:40 IST" duration-ms="52" status="PASS">
          <reporter-output>
          </reporter-output>
        </test-method> <!-- TearDown -->
      </class> <!-- rahulsettyacademy.tests.StandAloneOrderTest -->
    </test> <!-- Submit Order Test -->
  </suite> <!-- Suite -->
</testng-results>
